2026-03-09 09:17:45 | INFO     | Main                  - [37mLogger initialized. Logging to: logs/Pipeline_20260309_091745.log[0m
2026-03-09 09:17:45 | INFO     | LSTM                  - [37mLogger initialized. Logging to: logs/Pipeline_20260309_091745.log[0m
2026-03-09 09:17:45 | INFO     | Ensemble              - [37mLogger initialized. Logging to: logs/Pipeline_20260309_091745.log[0m
2026-03-09 09:17:45 | INFO     | Hyperparameter Tuning - [37mLogger initialized. Logging to: logs/Pipeline_20260309_091745.log[0m
2026-03-09 09:17:45 | INFO     | Dataset               - [37mLogger initialized. Logging to: logs/Pipeline_20260309_091745.log[0m
2026-03-09 09:17:45 | INFO     | Dataset               - [37mChecking dataset existence...[0m
2026-03-09 09:17:45 | INFO     | Dataset               - [37mDataset exists[0m
2026-03-09 09:17:45 | INFO     | Main                  - [37mStarting hyperparameter tuning...[0m
2026-03-09 09:17:45 | INFO     | Main                  - [37mHyperparameter tuning is running on device: cpu[0m
2026-03-09 09:17:45 | INFO     | Main                  - [37mDataset loaded[0m
2026-03-09 09:17:45 | INFO     | Main                  - [37mDataset split into [1m(train | val | test)[0m[37m with sizes: [1m(13766 | 1720 | 1720)[0m[37m[0m
2026-03-09 09:17:45 | INFO     | Main                  - [37mRunning hyperparameter search with 2 trials...[0m
2026-03-09 09:17:45 | INFO     | Main                  - [37mTrial 0 starting with hyperparameters:
                                                             [1mhidden size     :[0m[37m 128
                                                             [1mnumber of layers:[0m[37m 4
                                                             [1mdropout         :[0m[37m 0.392798
                                                             [1mbatch size      :[0m[37m 8
                                                             [1mlearning rate   :[0m[37m 0.005399[0m
2026-03-09 09:23:30 | SUCCESS  | Main                  - [32mTrial 0 completed with validation loss: 0.030930 | Current best: Trial 0 with loss 0.030930[0m
2026-03-09 09:23:30 | INFO     | Main                  - [37mTrial 1 starting with hyperparameters:
                                                             [1mhidden size     :[0m[37m 192
                                                             [1mnumber of layers:[0m[37m 3
                                                             [1mdropout         :[0m[37m 0.108234
                                                             [1mbatch size      :[0m[37m 8
                                                             [1mlearning rate   :[0m[37m 0.000233[0m
2026-03-09 09:28:48 | SUCCESS  | Main                  - [32mTrial 1 completed with validation loss: 0.018881 | Current best: Trial 1 with loss 0.018881[0m
2026-03-09 09:28:48 | INFO     | Main                  - [37mHyperparameter tuning evaluation[0m
2026-03-09 09:28:48 | INFO     | Main                  - [37mBest trial: Validation Loss: 0.018881[0m
2026-03-09 09:28:48 | INFO     | Main                  - [37mBest hyperparameters:
                                                             hidden size: 192
                                                             number of layers: 3
                                                             dropout: 0.108234
                                                             batch size: 8
                                                             learning rate: 0.000233[0m
2026-03-09 09:28:48 | SUCCESS  | Main                  - [32mHyperparameter Tuning complete![0m
2026-03-09 09:28:48 | INFO     | Main                  - [37mStarting LSTM training...[0m
2026-03-09 09:28:48 | INFO     | Main                  - [37mModel will be saved as model_v1.pth[0m
2026-03-09 09:28:48 | INFO     | Main                  - [37mDataset loaded: 13766 training samples, 1720 validation samples[0m
2026-03-09 09:28:49 | INFO     | Main                  - [37mStarting training for 1 epochs...[0m
2026-03-09 09:29:53 | INFO     | Main                  - [37mEpoch 1: Train Loss = 0.5140, Val Loss = 0.3733, Best epoch = 1[0m
2026-03-09 09:29:53 | SUCCESS  | Main                  - [32mTraining complete. Best model saved at epoch 1 (val_loss=0.3733)[0m
2026-03-09 09:29:53 | SUCCESS  | Main                  - [32mLSTM training completed successfully![0m
2026-03-09 09:29:53 | INFO     | Main                  - [37mGenerating plots...[0m
2026-03-09 09:29:53 | INFO     | Main                  - [37mCheckpoint loaded (best epoch: 1, val_loss: 0.3733)[0m
2026-03-09 09:29:56 | INFO     | Main                  - [37mGenerating training README...[0m
2026-03-09 09:29:56 | SUCCESS  | Main                  - [32mTraining README successfully generated[0m
2026-03-09 09:29:56 | SUCCESS  | Main                  - [32mFinished LSTM plotting[0m
2026-03-09 09:29:56 | INFO     | Main                  - [37mStarting ensemble...[0m
2026-03-09 09:29:56 | INFO     | Main                  - [37mTraining ensemble model 1/2 with seed 1000[0m
2026-03-09 09:31:04 | INFO     | Main                  - [37mModel 1 | Epoch 1 | Train Loss: 0.5032 | Val Loss: 0.2722[0m
2026-03-09 09:31:04 | SUCCESS  | Main                  - [32mFinished training model at epoch: 1[0m
2026-03-09 09:31:04 | INFO     | Main                  - [37mTraining ensemble model 2/2 with seed 1001[0m
2026-03-09 09:32:09 | INFO     | Main                  - [37mModel 2 | Epoch 1 | Train Loss: 0.5237 | Val Loss: 0.3595[0m
2026-03-09 09:32:09 | SUCCESS  | Main                  - [32mFinished training model at epoch: 1[0m
2026-03-09 09:32:09 | SUCCESS  | Main                  - [32mEnsemble training completed successfully![0m
2026-03-09 09:32:09 | INFO     | Main                  - [37mGenerating Ensemble plots...[0m
