2026-03-05 14:40:49 | INFO     | Main                  - [37mLogger initialized. Logging to: logs/Pipeline_20260305_144049.log[0m
2026-03-05 14:40:49 | INFO     | LSTM                  - [37mLogger initialized. Logging to: logs/Pipeline_20260305_144049.log[0m
2026-03-05 14:40:49 | INFO     | Ensemble              - [37mLogger initialized. Logging to: logs/Pipeline_20260305_144049.log[0m
2026-03-05 14:40:49 | INFO     | Hyperparameter Tuning - [37mLogger initialized. Logging to: logs/Pipeline_20260305_144049.log[0m
2026-03-05 14:40:49 | INFO     | Dataset               - [37mLogger initialized. Logging to: logs/Pipeline_20260305_144049.log[0m
2026-03-05 14:40:49 | INFO     | Dataset               - [37mChecking dataset existence...[0m
2026-03-05 14:40:49 | INFO     | Dataset               - [37mDataset exists[0m
2026-03-05 14:40:49 | INFO     | Main                  - [37mRUNNING TUNING[0m
2026-03-05 14:40:49 | INFO     | Main                  - [37mStarting hyperparameter tuning...[0m
2026-03-05 14:40:49 | INFO     | Main                  - [37mHyperparameter tuning is running on device: cpu[0m
2026-03-05 14:40:49 | INFO     | Main                  - [37mDataset loaded[0m
2026-03-05 14:40:49 | INFO     | Main                  - [37mDataset split into [1m(train | val | test)[0m[37m with sizes: [1m(13766 | 1720 | 1720)[0m[37m[0m
2026-03-05 14:40:49 | INFO     | Main                  - [37mRunning hyperparameter search with 1 trials...[0m
2026-03-05 14:40:49 | INFO     | Main                  - [37mTrial 0 starting with hyperparameters:
                                                             [1mhidden size     :[0m[37m 128
                                                             [1mnumber of layers:[0m[37m 4
                                                             [1mdropout         :[0m[37m 0.392798
                                                             [1mbatch size      :[0m[37m 8
                                                             [1mlearning rate   :[0m[37m 0.005399[0m
2026-03-05 14:46:37 | SUCCESS  | Main                  - [32mTrial 0 completed with validation loss: 3.119777 | Current best: Trial 0 with loss 3.119777[0m
2026-03-05 14:46:37 | INFO     | Main                  - [37mHyperparameter tuning evaluation[0m
2026-03-05 14:46:37 | INFO     | Main                  - [37mBest trial: Validation Loss: 3.119777[0m
2026-03-05 14:46:37 | INFO     | Main                  - [37mBest hyperparameters:
                                                             hidden size: 128
                                                             number of layers: 4
                                                             dropout: 0.392798
                                                             batch size: 8
                                                             learning rate: 0.005399[0m
2026-03-05 14:46:37 | SUCCESS  | Main                  - [32mHyperparameter Tuning complete![0m
2026-03-05 14:46:37 | INFO     | Main                  - [37mRUNNING TRAINING[0m
2026-03-05 14:46:37 | INFO     | Main                  - [37mStarting LSTM training...[0m
2026-03-05 14:46:37 | INFO     | Main                  - [37mModel will be saved as model_v7.pth[0m
2026-03-05 14:46:37 | INFO     | Main                  - [37mDataset loaded: 13766 training samples, 1720 validation samples[0m
2026-03-05 14:46:37 | INFO     | Main                  - [37mStarting training for 1 epochs...[0m
2026-03-05 14:48:15 | INFO     | Main                  - [37mEpoch 1: Train Loss = 1.7904, Val Loss = 0.1675, Best epoch = 1[0m
2026-03-05 14:48:15 | SUCCESS  | Main                  - [32mTraining complete. Best model saved at epoch 1 (val_loss=0.1675)[0m
2026-03-05 14:48:15 | SUCCESS  | Main                  - [32mLSTM training completed successfully![0m
2026-03-05 14:48:15 | INFO     | Main                  - [37mGenerating plots...[0m
2026-03-05 14:48:15 | INFO     | Main                  - [37mPlotting — model   : /Users/houkjaer1/Energy-Forecast-and-Uncertainty-Quantification-2/NewModelFolder/Models/model_v7.pth[0m
2026-03-05 14:48:15 | INFO     | Main                  - [37mPlotting — dataset : /Users/houkjaer1/Energy-Forecast-and-Uncertainty-Quantification-2/Files/dataset.pt[0m
2026-03-05 14:48:15 | INFO     | Main                  - [37mPlotting — output  : /Users/houkjaer1/Energy-Forecast-and-Uncertainty-Quantification-2/NewModelFolder/Models/Plots[0m
2026-03-05 14:48:15 | INFO     | Main                  - [37mCheckpoint loaded (best epoch: 1, val_loss: 0.1675)[0m
