2026-03-05 13:34:04 | INFO     | Main                  - [37mLogger initialized. Logging to: logs/Pipeline_20260305_133404.log[0m
2026-03-05 13:34:04 | INFO     | LSTM                  - [37mLogger initialized. Logging to: logs/Pipeline_20260305_133404.log[0m
2026-03-05 13:34:04 | INFO     | Ensemble              - [37mLogger initialized. Logging to: logs/Pipeline_20260305_133404.log[0m
2026-03-05 13:34:04 | INFO     | Hyperparameter Tuning - [37mLogger initialized. Logging to: logs/Pipeline_20260305_133404.log[0m
2026-03-05 13:34:04 | INFO     | Dataset               - [37mLogger initialized. Logging to: logs/Pipeline_20260305_133404.log[0m
2026-03-05 13:34:04 | INFO     | Dataset               - [37mChecking dataset existence...[0m
2026-03-05 13:34:04 | INFO     | Dataset               - [37mDataset exists[0m
2026-03-05 13:34:04 | INFO     | Hyperparameter Tuning - [37mStarting hyperparameter tuning...[0m
2026-03-05 13:34:04 | INFO     | Hyperparameter Tuning - [37mHyperparameter tuning is running on device: cpu[0m
2026-03-05 13:34:04 | INFO     | Hyperparameter Tuning - [37mDataset loaded[0m
2026-03-05 13:34:04 | INFO     | Hyperparameter Tuning - [37mDataset split into [1m(train | val | test)[0m[37m with sizes: [1m(13766 | 1720 | 1720)[0m[37m[0m
2026-03-05 13:34:04 | INFO     | Hyperparameter Tuning - [37mRunning hyperparameter search with 1 trials...[0m
2026-03-05 13:34:04 | INFO     | Hyperparameter Tuning - [37mTrial 0 starting with hyperparameters:
                                                             [1mhidden size     :[0m[37m 128
                                                             [1mnumber of layers:[0m[37m 4
                                                             [1mdropout         :[0m[37m 0.392798
                                                             [1mbatch size      :[0m[37m 8
                                                             [1mlearning rate   :[0m[37m 0.005399[0m
2026-03-05 13:34:05 | ERROR    | Hyperparameter Tuning - [31mTrial 0 failed with error: 'tuple' object has no attribute 'size'[0m
2026-03-05 13:34:05 | ERROR    | Hyperparameter Tuning - [31mTrial 0 failed.[0m
2026-03-05 13:34:05 | INFO     | Hyperparameter Tuning - [37mHyperparameter tuning evaluation[0m
