2026-03-09 10:34:17 | INFO     | Main                  - [37mLogger initialized. Logging to: logs/Pipeline_20260309_103417.log[0m
2026-03-09 10:34:17 | INFO     | LSTM                  - [37mLogger initialized. Logging to: logs/Pipeline_20260309_103417.log[0m
2026-03-09 10:34:17 | INFO     | Ensemble              - [37mLogger initialized. Logging to: logs/Pipeline_20260309_103417.log[0m
2026-03-09 10:34:17 | INFO     | Hyperparameter Tuning - [37mLogger initialized. Logging to: logs/Pipeline_20260309_103417.log[0m
2026-03-09 10:34:17 | INFO     | Dataset               - [37mLogger initialized. Logging to: logs/Pipeline_20260309_103417.log[0m
2026-03-09 10:34:17 | INFO     | Dataset               - [37mChecking dataset existence...[0m
2026-03-09 10:34:17 | INFO     | Dataset               - [37mDataset exists[0m
2026-03-09 10:34:17 | INFO     | Ensemble              - [37mStarting ensemble...[0m
2026-03-09 10:34:17 | INFO     | Ensemble              - [37mTraining ensemble model 1/3 with seed 1000[0m
2026-03-09 10:35:24 | INFO     | Ensemble              - [37mModel 1 | Epoch 1 | Train Loss: 0.5032 | Val Loss: 0.2722[0m
2026-03-09 10:37:37 | SUCCESS  | Ensemble              - [32mFinished training model at epoch: 3[0m
2026-03-09 10:37:37 | INFO     | Ensemble              - [37mTraining ensemble model 2/3 with seed 1001[0m
2026-03-09 10:38:45 | INFO     | Ensemble              - [37mModel 2 | Epoch 1 | Train Loss: 0.5237 | Val Loss: 0.3595[0m
2026-03-09 10:41:04 | SUCCESS  | Ensemble              - [32mFinished training model at epoch: 3[0m
2026-03-09 10:41:04 | INFO     | Ensemble              - [37mTraining ensemble model 3/3 with seed 1002[0m
2026-03-09 10:42:09 | INFO     | Ensemble              - [37mModel 3 | Epoch 1 | Train Loss: 0.5298 | Val Loss: 0.4064[0m
2026-03-09 10:44:26 | SUCCESS  | Ensemble              - [32mFinished training model at epoch: 3[0m
2026-03-09 10:44:26 | SUCCESS  | Ensemble              - [32mEnsemble training completed successfully![0m
2026-03-09 10:44:26 | INFO     | Ensemble              - [37mGenerating Ensemble plots...[0m
2026-03-09 10:44:30 | SUCCESS  | Ensemble              - [32mFinished Ensemble plotting[0m
