2026-03-09 10:27:06 | INFO     | Main                  - [37mLogger initialized. Logging to: logs/Pipeline_20260309_102706.log[0m
2026-03-09 10:27:06 | INFO     | LSTM                  - [37mLogger initialized. Logging to: logs/Pipeline_20260309_102706.log[0m
2026-03-09 10:27:06 | INFO     | Ensemble              - [37mLogger initialized. Logging to: logs/Pipeline_20260309_102706.log[0m
2026-03-09 10:27:06 | INFO     | Hyperparameter Tuning - [37mLogger initialized. Logging to: logs/Pipeline_20260309_102706.log[0m
2026-03-09 10:27:06 | INFO     | Dataset               - [37mLogger initialized. Logging to: logs/Pipeline_20260309_102706.log[0m
2026-03-09 10:27:06 | INFO     | Dataset               - [37mChecking dataset existence...[0m
2026-03-09 10:27:06 | INFO     | Dataset               - [37mDataset exists[0m
2026-03-09 10:27:06 | INFO     | Ensemble              - [37mStarting ensemble...[0m
2026-03-09 10:27:06 | INFO     | Ensemble              - [37mTraining ensemble model 1/2 with seed 1000[0m
2026-03-09 10:28:11 | INFO     | Ensemble              - [37mModel 1 | Epoch 1 | Train Loss: 0.5032 | Val Loss: 0.2722[0m
2026-03-09 10:28:11 | SUCCESS  | Ensemble              - [32mFinished training model at epoch: 1[0m
2026-03-09 10:28:11 | INFO     | Ensemble              - [37mTraining ensemble model 2/2 with seed 1001[0m
2026-03-09 10:29:21 | INFO     | Ensemble              - [37mModel 2 | Epoch 1 | Train Loss: 0.5237 | Val Loss: 0.3595[0m
2026-03-09 10:29:21 | SUCCESS  | Ensemble              - [32mFinished training model at epoch: 1[0m
2026-03-09 10:29:21 | SUCCESS  | Ensemble              - [32mEnsemble training completed successfully![0m
2026-03-09 10:29:21 | INFO     | Ensemble              - [37mGenerating Ensemble plots...[0m
2026-03-09 10:29:21 | DEBUG    | Ensemble              - [36mtestLoader: <torch.utils.data.dataloader.DataLoader object at 0x11298c910>, models: [LSTMForecast(
  (encoder_lstm): LSTM(8, 128, num_layers=2, batch_first=True, dropout=0.2)
  (decoder_lstm): LSTM(11, 128, num_layers=2, batch_first=True, dropout=0.2)
  (fc): Linear(in_features=128, out_features=2, bias=True)
), LSTMForecast(
  (encoder_lstm): LSTM(8, 128, num_layers=2, batch_first=True, dropout=0.2)
  (decoder_lstm): LSTM(11, 128, num_layers=2, batch_first=True, dropout=0.2)
  (fc): Linear(in_features=128, out_features=2, bias=True)
)], device: cpu, demand_mean: 12.167801775738228, demand_std: 6.453097758531708, n_models: 2, plot_dir: /Users/danielabitbul/Documents/GitHub/Demand-Forecast-and-Uncertainty-Quantification/NewModelFolder/Models/model_v1/Plots[0m
2026-03-09 10:29:23 | SUCCESS  | Ensemble              - [32mFinished Ensemble plotting[0m
