2026-03-09 11:27:44 | INFO     | Main                  - [37mLogger initialized. Logging to: logs/Pipeline_20260309_112744.log[0m
2026-03-09 11:27:44 | INFO     | LSTM                  - [37mLogger initialized. Logging to: logs/Pipeline_20260309_112744.log[0m
2026-03-09 11:27:44 | INFO     | Ensemble              - [37mLogger initialized. Logging to: logs/Pipeline_20260309_112744.log[0m
2026-03-09 11:27:44 | INFO     | Hyperparameter Tuning - [37mLogger initialized. Logging to: logs/Pipeline_20260309_112744.log[0m
2026-03-09 11:27:44 | INFO     | Dataset               - [37mLogger initialized. Logging to: logs/Pipeline_20260309_112744.log[0m
2026-03-09 11:27:44 | INFO     | Dataset               - [37mChecking dataset existence...[0m
2026-03-09 11:27:44 | INFO     | Dataset               - [37mDataset exists[0m
2026-03-09 11:27:44 | INFO     | LSTM                  - [37mStarting LSTM training...[0m
2026-03-09 11:27:44 | INFO     | LSTM                  - [37mModel will be saved as model_v1.pth[0m
2026-03-09 11:27:44 | INFO     | LSTM                  - [37mDataset loaded: 13766 training samples, 1720 validation samples[0m
2026-03-09 11:27:45 | INFO     | LSTM                  - [37mStarting training for 10 epochs...[0m
2026-03-09 11:28:53 | INFO     | LSTM                  - [37mEpoch 1: Train Loss = 0.5398, Val Loss = 0.4300, Best epoch = 1[0m
2026-03-09 11:30:01 | INFO     | LSTM                  - [37mEpoch 2: Train Loss = 0.4597, Val Loss = 0.2465, Best epoch = 2[0m
2026-03-09 11:31:13 | INFO     | LSTM                  - [37mEpoch 3: Train Loss = 0.3563, Val Loss = 0.0877, Best epoch = 3[0m
2026-03-09 11:32:22 | INFO     | LSTM                  - [37mEpoch 4: Train Loss = 0.1479, Val Loss = -0.2640, Best epoch = 4[0m
2026-03-09 11:33:32 | INFO     | LSTM                  - [37mEpoch 5: Train Loss = -0.1547, Val Loss = -0.4491, Best epoch = 5[0m
2026-03-09 11:34:42 | INFO     | LSTM                  - [37mEpoch 6: Train Loss = -0.3234, Val Loss = -0.5924, Best epoch = 6[0m
2026-03-09 11:35:59 | INFO     | LSTM                  - [37mEpoch 7: Train Loss = -0.4572, Val Loss = -0.8863, Best epoch = 7[0m
2026-03-09 11:37:15 | INFO     | LSTM                  - [37mEpoch 8: Train Loss = -0.5893, Val Loss = -0.9543, Best epoch = 8[0m
2026-03-09 11:38:36 | INFO     | LSTM                  - [37mEpoch 9: Train Loss = -0.6302, Val Loss = -0.9753, Best epoch = 9[0m
2026-03-09 11:39:49 | INFO     | LSTM                  - [37mEpoch 10: Train Loss = -0.6849, Val Loss = -0.9298, Best epoch = 9[0m
2026-03-09 11:39:49 | SUCCESS  | LSTM                  - [32mTraining complete. Best model saved at epoch 9 (val_loss=-0.9753)[0m
2026-03-09 11:39:49 | SUCCESS  | LSTM                  - [32mLSTM training completed successfully![0m
2026-03-09 11:39:49 | INFO     | LSTM                  - [37mGenerating plots...[0m
2026-03-09 11:39:49 | INFO     | LSTM                  - [37mCheckpoint loaded (best epoch: 9, val_loss: -0.9753)[0m
2026-03-09 11:39:51 | INFO     | LSTM                  - [37mGenerating training README...[0m
2026-03-09 11:39:51 | SUCCESS  | LSTM                  - [32mTraining README successfully generated[0m
2026-03-09 11:39:51 | SUCCESS  | LSTM                  - [32mFinished LSTM plotting[0m
